Build started 6/11/2012 9:04:26 PM.
     1>Project "D:\VC_Express_School\Projects\Var_and_Dbg\Variables_and_Debugging\Variables_and_Debugging.vcxproj" on node 2 (build target(s)).
     1>InitializeBuildStatus:
         Creating "Debug\Variables_and_Debugging.unsuccessfulbuild" because "AlwaysCreate" was specified.
       GenerateTargetFrameworkMonikerAttribute:
       Skipping target "GenerateTargetFrameworkMonikerAttribute" because all output files are up-to-date with respect to the input files.
       ClCompile:
         All outputs are up-to-date.
         C:\Program Files (x86)\Microsoft Visual Studio 10.0\VC\bin\CL.exe /c /AI"C:\Program Files (x86)\Reference Assemblies\Microsoft\Framework\.NETFramework\v4.0" /Zi /clr:pure /nologo /W3 /WX- /Od /Oy- /D WIN32 /D _DEBUG /D _UNICODE /D UNICODE /EHa /MDd /GS /fp:precise /Zc:wchar_t /Zc:forScope /Yu"StdAfx.h" /Fp"Debug\Variables_and_Debugging.pch" /Fo"Debug\\" /Fd"Debug\vc100.pdb" /TP /FU"C:\Program Files (x86)\Reference Assemblies\Microsoft\Framework\.NETFramework\v4.0\System.Core.dll" /FU"C:\Program Files (x86)\Reference Assemblies\Microsoft\Framework\.NETFramework\v4.0\System.Data.dll" /FU"C:\Program Files (x86)\Reference Assemblies\Microsoft\Framework\.NETFramework\v4.0\System.dll" /FU"C:\Program Files (x86)\Reference Assemblies\Microsoft\Framework\.NETFramework\v4.0\System.Drawing.dll" /FU"C:\Program Files (x86)\Reference Assemblies\Microsoft\Framework\.NETFramework\v4.0\System.Windows.Forms.dll" /FU"C:\Program Files (x86)\Reference Assemblies\Microsoft\Framework\.NETFramework\v4.0\System.Xml.dll" /analyze- /errorReport:prompt Variables_and_Debugging.cpp /clr:nostdlib 
         Variables_and_Debugging.cpp
         All outputs are up-to-date.
       CoreResGen:
         All outputs are up-to-date.
       ResourceCompile:
         All outputs are up-to-date.
       Link:
         C:\Program Files (x86)\Microsoft Visual Studio 10.0\VC\bin\link.exe /ERRORREPORT:PROMPT /OUT:"D:\VC_Express_School\Projects\Var_and_Dbg\Debug\Variables_and_Debugging.exe" /INCREMENTAL /NOLOGO /ASSEMBLYRESOURCE:Debug\Variables_and_Debugging.Form1.resources /MANIFEST /ManifestFile:"Debug\Variables_and_Debugging.exe.intermediate.manifest" /MANIFESTUAC:"level='asInvoker' uiAccess='false'" /DEBUG /PDB:"D:\VC_Express_School\Projects\Var_and_Dbg\Debug\Variables_and_Debugging.pdb" /ASSEMBLYDEBUG /SUBSYSTEM:WINDOWS /TLBID:1 /ENTRY:"main" /DYNAMICBASE /FIXED:NO /NXCOMPAT /MACHINE:X86 Debug\app.res
         Debug\AssemblyInfo.obj
         Debug\stdafx.obj
         Debug\Variables_and_Debugging.obj
         "Debug\.NETFramework,Version=v4.0.AssemblyAttributes.obj"
         Variables_and_Debugging.vcxproj -> D:\VC_Express_School\Projects\Var_and_Dbg\Debug\Variables_and_Debugging.exe
       Manifest:
         C:\Program Files (x86)\Microsoft SDKs\Windows\v7.0A\bin\mt.exe /nologo /verbose /outputresource:"D:\VC_Express_School\Projects\Var_and_Dbg\Debug\Variables_and_Debugging.exe;#1" /manifest Debug\Variables_and_Debugging.exe.intermediate.manifest
       FinalizeBuildStatus:
         Deleting file "Debug\Variables_and_Debugging.unsuccessfulbuild".
         Touching "Debug\Variables_and_Debugging.lastbuildstate".
     1>Done Building Project "D:\VC_Express_School\Projects\Var_and_Dbg\Variables_and_Debugging\Variables_and_Debugging.vcxproj" (build target(s)).

Build succeeded.

Time Elapsed 00:00:00.89
